1610118995139	geckodriver	INFO	Listening on 127.0.0.1:54563
1610119040428	geckodriver	INFO	Listening on 127.0.0.1:54690
1610119079862	geckodriver	INFO	Listening on 127.0.0.1:54736
1610119080877	mozrunner::runner	INFO	Running command: "/Applications/Firefox.app/Contents/MacOS/firefox-bin" "--marionette" "-foreground" "-no-remote" "-profile" "/var/folders/11/96w74vnd403b3_52_vhv9kxr0000gq/T/rust_mozprofilePxOofH"
console.warn: SearchSettings: "get: No settings file exists, new profile?" (new Error("", "(unknown module)"))
1610119083306	Marionette	INFO	Listening on port 54743
1610119083398	Marionette	WARN	TLS certificate errors will be ignored for this session
1610119083400	Marionette	INFO	Proxy settings initialised: {"proxyType":"manual","httpProxy":"127.0.0.1:54735","noProxy":[],"sslProxy":"127.0.0.1:54735"}
JavaScript warning: https://cdn.shopify.com/s/files/1/0277/3680/1419/t/6/assets/theme.js?v=17784308898057322300, line 2289: unreachable code after return statement
JavaScript warning: https://cdn.shopify.com/s/files/1/0277/3680/1419/t/6/assets/theme.js?v=17784308898057322300, line 2289: unreachable code after return statement
JavaScript error: https://gdprcdn.b-cdn.net/js/gdpr_cookie_consent.min.js?shop=hurley-us.myshopify.com, line 1: TypeError: t is undefined
JavaScript warning: https://cdn.shopify.com/s/files/1/0277/3680/1419/t/6/assets/theme.js?v=17784308898057322300, line 2289: unreachable code after return statement
JavaScript warning: https://cdn.shopify.com/s/files/1/0277/3680/1419/t/6/assets/theme.js?v=17784308898057322300, line 2289: unreachable code after return statement
JavaScript warning: https://cdn.shopify.com/s/files/1/0277/3680/1419/t/6/assets/theme.js?v=17784308898057322300, line 2289: unreachable code after return statement
JavaScript warning: https://cdn.shopify.com/s/files/1/0277/3680/1419/t/6/assets/theme.js?v=17784308898057322300, line 2289: unreachable code after return statement
JavaScript warning: https://cdn.shopify.com/s/files/1/0277/3680/1419/t/6/assets/theme.js?v=17784308898057322300, line 2289: unreachable code after return statement
JavaScript warning: https://cdn.shopify.com/s/files/1/0277/3680/1419/t/6/assets/theme.js?v=17784308898057322300, line 2289: unreachable code after return statement
JavaScript error: https://gdprcdn.b-cdn.net/js/gdpr_cookie_consent.min.js?shop=hurley-us.myshopify.com, line 1: TypeError: t is undefined
JavaScript error: , line 0: NotFoundError: No such JSWindowActor 'MarionetteEvents'
JavaScript error: , line 0: NotFoundError: No such JSWindowActor 'MarionetteEvents'
JavaScript error: https://gdprcdn.b-cdn.net/js/gdpr_cookie_consent.min.js?shop=hurley-us.myshopify.com, line 1: TypeError: t is undefined
[GFX1-]: Receive IPC close with reason=AbnormalShutdown
Exiting due to channel error.
[GFX1-]: Receive IPC close with reason=AbnormalShutdown
Exiting due to channel error.
[GFX1-]: Receive IPC close with reason=AbnormalShutdown
Exiting due to channel error.
1610121388615	geckodriver	INFO	Listening on 127.0.0.1:49237
1610121388624	mozrunner::runner	INFO	Running command: "/Applications/Firefox.app/Contents/MacOS/firefox-bin" "--marionette" "-foreground" "-no-remote" "-profile" "/var/folders/11/96w74vnd403b3_52_vhv9kxr0000gq/T/rust_mozprofilen7EyFZ"
console.warn: SearchSettings: "get: No settings file exists, new profile?" (new Error("", "(unknown module)"))
1610121390883	Marionette	INFO	Listening on port 49242
1610121390903	Marionette	WARN	TLS certificate errors will be ignored for this session
1610121390905	Marionette	INFO	Proxy settings initialised: {"proxyType":"manual","httpProxy":"127.0.0.1:49236","noProxy":[],"sslProxy":"127.0.0.1:49236"}
JavaScript warning: https://cdn.shopify.com/s/files/1/0277/3680/1419/t/6/assets/theme.js?v=17784308898057322300, line 2289: unreachable code after return statement
JavaScript warning: https://cdn.shopify.com/s/files/1/0277/3680/1419/t/6/assets/theme.js?v=17784308898057322300, line 2289: unreachable code after return statement
JavaScript warning: https://cdn.shopify.com/s/files/1/0277/3680/1419/t/6/assets/theme.js?v=17784308898057322300, line 2289: unreachable code after return statement
JavaScript warning: https://cdn.shopify.com/s/files/1/0277/3680/1419/t/6/assets/theme.js?v=17784308898057322300, line 2289: unreachable code after return statement
JavaScript error: https://gdprcdn.b-cdn.net/js/gdpr_cookie_consent.min.js?shop=hurley-us.myshopify.com, line 1: TypeError: t is undefined
JavaScript warning: https://cdn.shopify.com/s/files/1/0277/3680/1419/t/6/assets/theme.js?v=17784308898057322300, line 2289: unreachable code after return statement
JavaScript warning: https://cdn.shopify.com/s/files/1/0277/3680/1419/t/6/assets/theme.js?v=17784308898057322300, line 2289: unreachable code after return statement
JavaScript error: https://gdprcdn.b-cdn.net/js/gdpr_cookie_consent.min.js?shop=hurley-us.myshopify.com, line 1: TypeError: t is undefined
JavaScript warning: https://cdn.shopify.com/s/files/1/0277/3680/1419/t/6/assets/theme.js?v=17784308898057322300, line 2289: unreachable code after return statement
JavaScript warning: https://cdn.shopify.com/s/files/1/0277/3680/1419/t/6/assets/theme.js?v=17784308898057322300, line 2289: unreachable code after return statement
JavaScript error: https://gdprcdn.b-cdn.net/js/gdpr_cookie_consent.min.js?shop=hurley-us.myshopify.com, line 1: TypeError: t is undefined
JavaScript error: https://gdprcdn.b-cdn.net/js/gdpr_cookie_consent.min.js?shop=hurley-us.myshopify.com, line 1: TypeError: t is undefined
JavaScript error: https://gdprcdn.b-cdn.net/js/gdpr_cookie_consent.min.js?shop=hurley-us.myshopify.com, line 1: TypeError: t is undefined
JavaScript error: https://gdprcdn.b-cdn.net/js/gdpr_cookie_consent.min.js?shop=hurley-us.myshopify.com, line 1: TypeError: t is undefined
JavaScript error: https://gdprcdn.b-cdn.net/js/gdpr_cookie_consent.min.js?shop=hurley-us.myshopify.com, line 1: TypeError: t is undefined
JavaScript error: https://gdprcdn.b-cdn.net/js/gdpr_cookie_consent.min.js?shop=hurley-us.myshopify.com, line 1: TypeError: t is undefined
JavaScript error: https://gdprcdn.b-cdn.net/js/gdpr_cookie_consent.min.js?shop=hurley-us.myshopify.com, line 1: TypeError: t is undefined
JavaScript error: https://gdprcdn.b-cdn.net/js/gdpr_cookie_consent.min.js?shop=hurley-us.myshopify.com, line 1: TypeError: t is undefined
JavaScript error: https://gdprcdn.b-cdn.net/js/gdpr_cookie_consent.min.js?shop=hurley-us.myshopify.com, line 1: TypeError: t is undefined
JavaScript error: https://gdprcdn.b-cdn.net/js/gdpr_cookie_consent.min.js?shop=hurley-us.myshopify.com, line 1: TypeError: t is undefined
JavaScript error: https://gdprcdn.b-cdn.net/js/gdpr_cookie_consent.min.js?shop=hurley-us.myshopify.com, line 1: TypeError: t is undefined
JavaScript error: https://gdprcdn.b-cdn.net/js/gdpr_cookie_consent.min.js?shop=hurley-us.myshopify.com, line 1: TypeError: t is undefined
JavaScript error: https://gdprcdn.b-cdn.net/js/gdpr_cookie_consent.min.js?shop=hurley-us.myshopify.com, line 1: TypeError: t is undefined
JavaScript error: https://gdprcdn.b-cdn.net/js/gdpr_cookie_consent.min.js?shop=hurley-us.myshopify.com, line 1: TypeError: t is undefined
JavaScript error: https://gdprcdn.b-cdn.net/js/gdpr_cookie_consent.min.js?shop=hurley-us.myshopify.com, line 1: TypeError: t is undefined
JavaScript error: https://gdprcdn.b-cdn.net/js/gdpr_cookie_consent.min.js?shop=hurley-us.myshopify.com, line 1: TypeError: t is undefined
JavaScript error: https://gdprcdn.b-cdn.net/js/gdpr_cookie_consent.min.js?shop=hurley-us.myshopify.com, line 1: TypeError: t is undefined
JavaScript error: https://gdprcdn.b-cdn.net/js/gdpr_cookie_consent.min.js?shop=hurley-us.myshopify.com, line 1: TypeError: t is undefined
JavaScript error: https://gdprcdn.b-cdn.net/js/gdpr_cookie_consent.min.js?shop=hurley-us.myshopify.com, line 1: TypeError: t is undefined
JavaScript error: https://gdprcdn.b-cdn.net/js/gdpr_cookie_consent.min.js?shop=hurley-us.myshopify.com, line 1: TypeError: t is undefined
JavaScript error: https://gdprcdn.b-cdn.net/js/gdpr_cookie_consent.min.js?shop=hurley-us.myshopify.com, line 1: TypeError: t is undefined
JavaScript error: https://gdprcdn.b-cdn.net/js/gdpr_cookie_consent.min.js?shop=hurley-us.myshopify.com, line 1: TypeError: t is undefined
JavaScript error: https://gdprcdn.b-cdn.net/js/gdpr_cookie_consent.min.js?shop=hurley-us.myshopify.com, line 1: TypeError: t is undefined
JavaScript error: https://gdprcdn.b-cdn.net/js/gdpr_cookie_consent.min.js?shop=hurley-us.myshopify.com, line 1: TypeError: t is undefined
JavaScript error: https://gdprcdn.b-cdn.net/js/gdpr_cookie_consent.min.js?shop=hurley-us.myshopify.com, line 1: TypeError: t is undefined
JavaScript error: https://gdprcdn.b-cdn.net/js/gdpr_cookie_consent.min.js?shop=hurley-us.myshopify.com, line 1: TypeError: t is undefined
JavaScript error: https://gdprcdn.b-cdn.net/js/gdpr_cookie_consent.min.js?shop=hurley-us.myshopify.com, line 1: TypeError: t is undefined
JavaScript error: https://gdprcdn.b-cdn.net/js/gdpr_cookie_consent.min.js?shop=hurley-us.myshopify.com, line 1: TypeError: t is undefined
JavaScript error: https://gdprcdn.b-cdn.net/js/gdpr_cookie_consent.min.js?shop=hurley-us.myshopify.com, line 1: TypeError: t is undefined
JavaScript error: https://gdprcdn.b-cdn.net/js/gdpr_cookie_consent.min.js?shop=hurley-us.myshopify.com, line 1: TypeError: t is undefined
JavaScript error: https://gdprcdn.b-cdn.net/js/gdpr_cookie_consent.min.js?shop=hurley-us.myshopify.com, line 1: TypeError: t is undefined
JavaScript error: https://gdprcdn.b-cdn.net/js/gdpr_cookie_consent.min.js?shop=hurley-us.myshopify.com, line 1: TypeError: t is undefined
JavaScript error: https://gdprcdn.b-cdn.net/js/gdpr_cookie_consent.min.js?shop=hurley-us.myshopify.com, line 1: TypeError: t is undefined
JavaScript error: https://gdprcdn.b-cdn.net/js/gdpr_cookie_consent.min.js?shop=hurley-us.myshopify.com, line 1: TypeError: t is undefined
JavaScript error: https://gdprcdn.b-cdn.net/js/gdpr_cookie_consent.min.js?shop=hurley-us.myshopify.com, line 1: TypeError: t is undefined
JavaScript error: https://gdprcdn.b-cdn.net/js/gdpr_cookie_consent.min.js?shop=hurley-us.myshopify.com, line 1: TypeError: t is undefined
JavaScript error: https://gdprcdn.b-cdn.net/js/gdpr_cookie_consent.min.js?shop=hurley-us.myshopify.com, line 1: TypeError: t is undefined
JavaScript error: https://gdprcdn.b-cdn.net/js/gdpr_cookie_consent.min.js?shop=hurley-us.myshopify.com, line 1: TypeError: t is undefined
JavaScript error: https://gdprcdn.b-cdn.net/js/gdpr_cookie_consent.min.js?shop=hurley-us.myshopify.com, line 1: TypeError: t is undefined
JavaScript error: https://gdprcdn.b-cdn.net/js/gdpr_cookie_consent.min.js?shop=hurley-us.myshopify.com, line 1: TypeError: t is undefined
JavaScript error: https://gdprcdn.b-cdn.net/js/gdpr_cookie_consent.min.js?shop=hurley-us.myshopify.com, line 1: TypeError: t is undefined
JavaScript error: https://gdprcdn.b-cdn.net/js/gdpr_cookie_consent.min.js?shop=hurley-us.myshopify.com, line 1: TypeError: t is undefined
JavaScript error: https://gdprcdn.b-cdn.net/js/gdpr_cookie_consent.min.js?shop=hurley-us.myshopify.com, line 1: TypeError: t is undefined
JavaScript error: https://gdprcdn.b-cdn.net/js/gdpr_cookie_consent.min.js?shop=hurley-us.myshopify.com, line 1: TypeError: t is undefined
JavaScript error: https://gdprcdn.b-cdn.net/js/gdpr_cookie_consent.min.js?shop=hurley-us.myshopify.com, line 1: TypeError: t is undefined
JavaScript error: https://gdprcdn.b-cdn.net/js/gdpr_cookie_consent.min.js?shop=hurley-us.myshopify.com, line 1: TypeError: t is undefined
JavaScript error: https://gdprcdn.b-cdn.net/js/gdpr_cookie_consent.min.js?shop=hurley-us.myshopify.com, line 1: TypeError: t is undefined
JavaScript error: https://gdprcdn.b-cdn.net/js/gdpr_cookie_consent.min.js?shop=hurley-us.myshopify.com, line 1: TypeError: t is undefined
JavaScript error: https://gdprcdn.b-cdn.net/js/gdpr_cookie_consent.min.js?shop=hurley-us.myshopify.com, line 1: TypeError: t is undefined
JavaScript error: https://gdprcdn.b-cdn.net/js/gdpr_cookie_consent.min.js?shop=hurley-us.myshopify.com, line 1: TypeError: t is undefined
JavaScript error: https://gdprcdn.b-cdn.net/js/gdpr_cookie_consent.min.js?shop=hurley-us.myshopify.com, line 1: TypeError: t is undefined
JavaScript error: https://gdprcdn.b-cdn.net/js/gdpr_cookie_consent.min.js?shop=hurley-us.myshopify.com, line 1: TypeError: t is undefined
JavaScript error: https://gdprcdn.b-cdn.net/js/gdpr_cookie_consent.min.js?shop=hurley-us.myshopify.com, line 1: TypeError: t is undefined
1610122290587	Marionette	WARN	Ignoring event 'pageshow' because document has an invalid readyState of 'interactive'.
JavaScript error: https://gdprcdn.b-cdn.net/js/gdpr_cookie_consent.min.js?shop=hurley-us.myshopify.com, line 1: TypeError: t is undefined
JavaScript error: https://gdprcdn.b-cdn.net/js/gdpr_cookie_consent.min.js?shop=hurley-us.myshopify.com, line 1: TypeError: t is undefined
JavaScript error: https://gdprcdn.b-cdn.net/js/gdpr_cookie_consent.min.js?shop=hurley-us.myshopify.com, line 1: TypeError: t is undefined
JavaScript error: https://gdprcdn.b-cdn.net/js/gdpr_cookie_consent.min.js?shop=hurley-us.myshopify.com, line 1: TypeError: t is undefined
JavaScript error: https://gdprcdn.b-cdn.net/js/gdpr_cookie_consent.min.js?shop=hurley-us.myshopify.com, line 1: TypeError: t is undefined
JavaScript error: https://gdprcdn.b-cdn.net/js/gdpr_cookie_consent.min.js?shop=hurley-us.myshopify.com, line 1: TypeError: t is undefined
JavaScript error: https://gdprcdn.b-cdn.net/js/gdpr_cookie_consent.min.js?shop=hurley-us.myshopify.com, line 1: TypeError: t is undefined
JavaScript error: https://gdprcdn.b-cdn.net/js/gdpr_cookie_consent.min.js?shop=hurley-us.myshopify.com, line 1: TypeError: t is undefined
JavaScript error: https://gdprcdn.b-cdn.net/js/gdpr_cookie_consent.min.js?shop=hurley-us.myshopify.com, line 1: TypeError: t is undefined
JavaScript error: https://gdprcdn.b-cdn.net/js/gdpr_cookie_consent.min.js?shop=hurley-us.myshopify.com, line 1: TypeError: t is undefined
JavaScript error: https://gdprcdn.b-cdn.net/js/gdpr_cookie_consent.min.js?shop=hurley-us.myshopify.com, line 1: TypeError: t is undefined
JavaScript error: https://gdprcdn.b-cdn.net/js/gdpr_cookie_consent.min.js?shop=hurley-us.myshopify.com, line 1: TypeError: t is undefined
JavaScript error: https://gdprcdn.b-cdn.net/js/gdpr_cookie_consent.min.js?shop=hurley-us.myshopify.com, line 1: TypeError: t is undefined
JavaScript error: https://gdprcdn.b-cdn.net/js/gdpr_cookie_consent.min.js?shop=hurley-us.myshopify.com, line 1: TypeError: t is undefined
JavaScript error: https://gdprcdn.b-cdn.net/js/gdpr_cookie_consent.min.js?shop=hurley-us.myshopify.com, line 1: TypeError: t is undefined
1610122793553	Marionette	INFO	Stopped listening on port 49242

###!!! [Parent][RunMessage] Error: Channel closing: too late to send/recv, messages will be lost

